Waktu : 2019-11-13 01:58:14 am
Dokumen : ../pdf/example.pdf
Pesan Error : 
Passphrase anda salah !!!
==================================================================================================================
Waktu : 2019-11-13 01:58:37 am
Dokumen : ../pdf/example.pdf
Pesan Error : 
Passphrase anda salah !!!
==================================================================================================================
Waktu : 2020-03-02 08:55:10 pm
Dokumen : dokumen_keluar/spt2.pdf
Pesan Error : 
File dokumen_keluar/spt2.pdf tidak ditemukan
==================================================================================================================
Waktu : 2020-03-02 09:10:24 pm
Dokumen : /var/www/html/dosis_final/dokumen_keluar/spt2.pdf
Pesan Error : 
Image_ttd tidak dapat ditemukan
==================================================================================================================
Waktu : 2020-03-02 09:10:42 pm
Dokumen : /var/www/html/dosis_final/dokumen_keluar/spt2.pdf
Pesan Error : 
Image_ttd tidak dapat ditemukan
==================================================================================================================
Waktu : 2020-03-02 09:14:13 pm
Dokumen : /var/www/html/dosis_final/dokumen_keluar/spt2.pdf
Pesan Error : 
Image_ttd tidak dapat ditemukan
==================================================================================================================
Waktu : 2020-03-03 12:31:54 am
Dokumen : /var/www/html/dosis/modules/dokumen_keluar/spt2.pdf
Pesan Error : 
File /var/www/html/dosis/modules/dokumen_keluar/spt2.pdf tidak ditemukan
==================================================================================================================
Waktu : 2020-03-03 12:31:56 am
Dokumen : /var/www/html/dosis/modules/dokumen_keluar/spt2.pdf
Pesan Error : 
File tidak dapat ditemukan
==================================================================================================================
Waktu : 2020-03-03 12:34:53 am
Dokumen : /var/www/html/dosis/modules/dokumen_keluar/spt2.pdf
Pesan Error : 
File /var/www/html/dosis/modules/dokumen_keluar/spt2.pdf tidak ditemukan
==================================================================================================================
Waktu : 2020-03-03 12:36:29 am
Dokumen : dokumen_keluar/spt2.pdf
Pesan Error : 
File dokumen_keluar/spt2.pdf tidak ditemukan
==================================================================================================================
Waktu : 2020-03-03 12:36:53 am
Dokumen : dokumen_keluar/spt2.pdf
Pesan Error : 
File dokumen_keluar/spt2.pdf tidak ditemukan
==================================================================================================================
Waktu : 2020-03-03 12:37:26 am
Dokumen : dokumen_keluar/spt2.pdf
Pesan Error : 
File dokumen_keluar/spt2.pdf tidak ditemukan
==================================================================================================================
Waktu : 2020-03-03 12:39:23 am
Dokumen : dokumen_keluar/spt2.pdf
Pesan Error : 
File dokumen_keluar/spt2.pdf tidak ditemukan
==================================================================================================================
Waktu : 2020-03-03 12:40:01 am
Dokumen : dokumen_keluar/spt2.pdf
Pesan Error : 
File dokumen_keluar/spt2.pdf tidak ditemukan
==================================================================================================================
Waktu : 2020-03-03 12:40:28 am
Dokumen : dokumen_keluar/spt2.pdf
Pesan Error : 
File dokumen_keluar/spt2.pdf tidak ditemukan
==================================================================================================================
Waktu : 2020-03-03 12:40:49 am
Dokumen : dokumen_keluar/spt2.pdf
Pesan Error : 
File dokumen_keluar/spt2.pdf tidak ditemukan
==================================================================================================================
Waktu : 2020-03-03 12:44:15 am
Dokumen : dokumen_keluar/spt2.pdf
Pesan Error : 
File dokumen_keluar/spt2.pdf tidak ditemukan
==================================================================================================================
Waktu : 2020-03-03 12:44:54 am
Dokumen : /var/www/html/dosis/dokumen_keluar/spt2.pdf
Pesan Error : 
Image_ttd tidak dapat ditemukan
==================================================================================================================
Waktu : 2020-03-03 12:53:13 am
Dokumen : /var/www/html/dosis/dokumen_keluar/spt2.pdf
Pesan Error : 
Image_ttd tidak dapat ditemukan
==================================================================================================================
Waktu : 2020-03-03 12:54:10 am
Dokumen : /var/www/html/dosis/dokumen_keluar/spt2.pdf
Pesan Error : 
Image_ttd tidak dapat ditemukan
==================================================================================================================
Waktu : 2020-03-10 12:15:31 pm
Dokumen : /var/www/html/dosis/modules/dokumen_keluar/spt2_signed_20030002.pdf
Pesan Error : 
File /var/www/html/dosis/modules/dokumen_keluar/spt2_signed_20030002.pdf tidak ditemukan
==================================================================================================================
Waktu : 2020-03-10 03:17:28 pm
Dokumen : /var/www/html/dosis/modules/dokumen_keluar/spt2.pdf
Pesan Error : 
File /var/www/html/dosis/modules/dokumen_keluar/spt2.pdf tidak ditemukan
==================================================================================================================
Waktu : 2020-03-10 04:14:17 pm
Dokumen : /var/www/html/dosis/dokumen_keluar/spt2.pdf
Pesan Error : 
Pengguna tidak terdaftar
==================================================================================================================
Waktu : 2020-03-11 02:55:48 pm
Dokumen : /var/www/html/dosis/dokumen_keluar/spt2.pdf
Pesan Error : 
Pengguna tidak terdaftar
==================================================================================================================
Waktu : 2020-03-11 02:55:52 pm
Dokumen : /var/www/html/dosis/dokumen_keluar/spt2.pdf
Pesan Error : 
Pengguna tidak terdaftar
==================================================================================================================
Waktu : 2020-03-11 02:58:11 pm
Dokumen : /var/www/html/dosis/dokumen_keluar/spt2.pdf
Pesan Error : 
Pengguna tidak terdaftar
==================================================================================================================
Waktu : 2020-03-11 03:01:16 pm
Dokumen : /var/www/html/dosis/dokumen_keluar/spt2.pdf
Pesan Error : 
Pengguna tidak terdaftar
==================================================================================================================
Waktu : 2020-03-11 03:01:19 pm
Dokumen : /var/www/html/dosis/dokumen_keluar/spt2.pdf
Pesan Error : 
Pengguna tidak terdaftar
==================================================================================================================
Waktu : 2020-03-11 03:03:00 pm
Dokumen : /var/www/html/dosis/dokumen_keluar/spt2.pdf
Pesan Error : 
Pengguna tidak terdaftar
==================================================================================================================
Waktu : 2020-03-11 04:15:54 pm
Dokumen : /var/www/html/dosis/dokumen_keluar/spt2.pdf
Pesan Error : 
Pengguna tidak terdaftar
==================================================================================================================
Waktu : 2020-03-11 04:16:23 pm
Dokumen : /var/www/html/dosis/dokumen_keluar/spt2.pdf
Pesan Error : 
Pengguna tidak terdaftar
==================================================================================================================
Waktu : 2020-03-11 04:17:08 pm
Dokumen : /var/www/html/dosis/dokumen_keluar/spt2.pdf
Pesan Error : 
Pengguna tidak terdaftar
==================================================================================================================
Waktu : 2020-03-11 04:24:20 pm
Dokumen : /var/www/html/dosis/dokumen_keluar/spt2.pdf
Pesan Error : 
Pengguna tidak terdaftar
==================================================================================================================
Waktu : 2020-03-11 04:47:51 pm
Dokumen : /var/www/html/dosis/dokumen_keluar/spt2.pdf
Pesan Error : 
Pengguna tidak terdaftar
==================================================================================================================
Waktu : 2020-03-19 10:36:27 am
Dokumen : /var/www/html/dokumen_keluar/dok_test.pdf
Pesan Error : 
File /var/www/html/dokumen_keluar/dok_test.pdf tidak ditemukan
==================================================================================================================
Waktu : 2020-03-19 10:37:59 am
Dokumen : /var/www/html/dosis/dokumen_keluar/dok_test.pdf
Pesan Error : 
Pengguna tidak terdaftar
==================================================================================================================
Waktu : 2020-03-19 10:39:13 am
Dokumen : /var/www/html/dosis/dokumen_keluar/dok_test.pdf
Pesan Error : 
Passphrase anda salah !!!
==================================================================================================================
Waktu : 2020-03-23 10:07:13 am
Dokumen : /var/www/html//dosis/dokumen_keluar/dok_test.pdf
Pesan Error : 
Passphrase anda salah !!!
==================================================================================================================
Waktu : 2020-03-23 10:11:57 am
Dokumen : /var/www/html//dosis/dokumen_keluar/dok_test.pdf
Pesan Error : 
Passphrase anda salah !!!
==================================================================================================================
Waktu : 2020-03-23 10:13:16 am
Dokumen : /var/www/html//dosis/dokumen_keluar/dok_test.pdf
Pesan Error : 
Passphrase anda salah !!!
==================================================================================================================
Waktu : 2020-04-03 11:44:57 am
Dokumen : /var/www/html//dosis/dokumen_keluar/tte4tempat40hallbhv2_signed_20042095.pdf
Pesan Error : 
File /var/www/html//dosis/dokumen_keluar/tte4tempat40hallbhv2_signed_20042095.pdf tidak ditemukan
==================================================================================================================
Waktu : 2020-04-03 11:44:57 am
Dokumen : /var/www/html//dosis/dokumen_keluar/tte4tempat40hallbhv2_signed_20042095.pdf
Pesan Error : 
File /var/www/html//dosis/dokumen_keluar/tte4tempat40hallbhv2_signed_20042095.pdf tidak ditemukan
==================================================================================================================
Waktu : 2020-04-03 11:44:57 am
Dokumen : /var/www/html//dosis/dokumen_keluar/tte4tempat40hallbhv2_signed_20042095.pdf
Pesan Error : 
File /var/www/html//dosis/dokumen_keluar/tte4tempat40hallbhv2_signed_20042095.pdf tidak ditemukan
==================================================================================================================
Waktu : 2020-04-03 11:44:57 am
Dokumen : /var/www/html//dosis/dokumen_keluar/tte4tempat40hallbhv2_signed_20042095.pdf
Pesan Error : 
File /var/www/html//dosis/dokumen_keluar/tte4tempat40hallbhv2_signed_20042095.pdf tidak ditemukan
==================================================================================================================
Waktu : 2020-04-03 11:44:57 am
Dokumen : /var/www/html//dosis/dokumen_keluar/tte4tempat40hallbhv2_signed_20042095.pdf
Pesan Error : 
File /var/www/html//dosis/dokumen_keluar/tte4tempat40hallbhv2_signed_20042095.pdf tidak ditemukan
==================================================================================================================
Waktu : 2020-04-07 02:07:17 pm
Dokumen : /var/www/html//dosis/dokumen_keluar/JADWALPIKETKERJA.pdf
Pesan Error : 
Failed request : Unexpected character ('<' (code 60)): expected a valid value (number, String, array, object, 'true', 'false' or 'null')
 at [Source: (InputStreamReader); line: 1, column: 2]
==================================================================================================================
Waktu : 2020-04-07 03:52:12 pm
Dokumen : /var/www/html//dosis/dokumen_keluar/TEST1.pdf
Pesan Error : 
Internal Server Error
==================================================================================================================
Waktu : 2020-04-09 03:15:50 pm
Dokumen : /var/www/html//dosis/dokumen_keluar/PERMOHONANPENGAMBILANSIPDRAFIFNAUFALAKBARSYAH.pdf
Pesan Error : 
File /var/www/html//dosis/dokumen_keluar/PERMOHONANPENGAMBILANSIPDRAFIFNAUFALAKBARSYAH.pdf tidak ditemukan
==================================================================================================================
Waktu : 2020-04-09 03:15:50 pm
Dokumen : /var/www/html//dosis/dokumen_keluar/PERMOHONANPENGAMBILANSIPDRAFIFNAUFALAKBARSYAH.pdf
Pesan Error : 
File /var/www/html//dosis/dokumen_keluar/PERMOHONANPENGAMBILANSIPDRAFIFNAUFALAKBARSYAH.pdf tidak ditemukan
==================================================================================================================
Waktu : 2020-04-09 03:15:58 pm
Dokumen : /var/www/html//dosis/dokumen_keluar/PERMOHONANPENGAMBILANSIPDRAFIFNAUFALAKBARSYAH.pdf
Pesan Error : 
File /var/www/html//dosis/dokumen_keluar/PERMOHONANPENGAMBILANSIPDRAFIFNAUFALAKBARSYAH.pdf tidak ditemukan
==================================================================================================================
Waktu : 2020-04-09 03:15:58 pm
Dokumen : /var/www/html//dosis/dokumen_keluar/PERMOHONANPENGAMBILANSIPDRAFIFNAUFALAKBARSYAH.pdf
Pesan Error : 
File /var/www/html//dosis/dokumen_keluar/PERMOHONANPENGAMBILANSIPDRAFIFNAUFALAKBARSYAH.pdf tidak ditemukan
==================================================================================================================
Waktu : 2020-04-09 03:29:49 pm
Dokumen : /var/www/html//dosis/dokumen_keluar/RKKDRYULIUSFITORA.pdf
Pesan Error : 
File /var/www/html//dosis/dokumen_keluar/RKKDRYULIUSFITORA.pdf tidak ditemukan
==================================================================================================================
Waktu : 2020-04-09 03:29:49 pm
Dokumen : /var/www/html//dosis/dokumen_keluar/RKKDRYULIUSFITORA.pdf
Pesan Error : 
File /var/www/html//dosis/dokumen_keluar/RKKDRYULIUSFITORA.pdf tidak ditemukan
==================================================================================================================
Waktu : 2020-04-16 02:54:49 pm
Dokumen : /var/www/html//dosis/dokumen_keluar/suratkonfirmasisaldohutang.pdf
Pesan Error : 
Image_ttd tidak dapat ditemukan
==================================================================================================================
Waktu : 2020-04-16 03:16:15 pm
Dokumen : /var/www/html//dosis/dokumen_keluar/suratkonfirmasisaldohutang.pdf
Pesan Error : 
Image_ttd tidak dapat ditemukan
==================================================================================================================
Waktu : 2020-04-16 03:18:13 pm
Dokumen : /var/www/html//dosis/dokumen_keluar/suratkonfirmasisaldohutang.pdf
Pesan Error : 
Image_ttd tidak dapat ditemukan
==================================================================================================================
Waktu : 2020-04-20 10:51:40 am
Dokumen : /var/www/html//dosis/dokumen_keluar/SOPNextcloudv6TanpaTtd.pdf
Pesan Error : 
Passphrase anda salah !!!
==================================================================================================================
Waktu : 2020-04-20 10:54:09 am
Dokumen : /var/www/html//dosis/dokumen_keluar/SOPNextcloudv6TanpaTtd.pdf
Pesan Error : 
Passphrase anda salah !!!
==================================================================================================================
Waktu : 2020-04-21 01:17:32 pm
Dokumen : /var/www/html//dosis/dokumen_keluar/SOPtanpaTTEdanFOOTER.pdf
Pesan Error : 
Image_ttd tidak dapat ditemukan
==================================================================================================================
Waktu : 2020-04-21 01:18:28 pm
Dokumen : /var/www/html//dosis/dokumen_keluar/SOPtanpaTTEdanFOOTER.pdf
Pesan Error : 
Image_ttd tidak dapat ditemukan
==================================================================================================================
Waktu : 2020-04-21 01:23:36 pm
Dokumen : /var/www/html//dosis/dokumen_keluar/SOPtanpaTTEdanFOOTER.pdf
Pesan Error : 
Image_ttd tidak dapat ditemukan
==================================================================================================================
Waktu : 2020-04-21 01:23:52 pm
Dokumen : /var/www/html//dosis/dokumen_keluar/SOPtanpaTTEdanFOOTER.pdf
Pesan Error : 
Image_ttd tidak dapat ditemukan
==================================================================================================================
Waktu : 2020-04-21 01:24:14 pm
Dokumen : /var/www/html//dosis/dokumen_keluar/SOPtanpaTTEdanFOOTER.pdf
Pesan Error : 
Image_ttd tidak dapat ditemukan
==================================================================================================================
Waktu : 2020-04-21 01:25:26 pm
Dokumen : /var/www/html//dosis/dokumen_keluar/SOPtanpaTTEdanFOOTER.pdf
Pesan Error : 
Image_ttd tidak dapat ditemukan
==================================================================================================================
Waktu : 2020-04-21 01:26:22 pm
Dokumen : /var/www/html//dosis/dokumen_keluar/SOPtanpaTTEdanFOOTER.pdf
Pesan Error : 
Image_ttd tidak dapat ditemukan
==================================================================================================================
Waktu : 2020-04-21 01:27:31 pm
Dokumen : /var/www/html//dosis/dokumen_keluar/SOPtanpaTTEdanFOOTER.pdf
Pesan Error : 
Image_ttd tidak dapat ditemukan
==================================================================================================================
Waktu : 2020-04-21 01:28:10 pm
Dokumen : /var/www/html//dosis/dokumen_keluar/SOPtanpaTTEdanFOOTER.pdf
Pesan Error : 
Image_ttd tidak dapat ditemukan
==================================================================================================================
Waktu : 2020-04-21 01:29:10 pm
Dokumen : /var/www/html//dosis/dokumen_keluar/SOPtanpaTTEdanFOOTER.pdf
Pesan Error : 
Image_ttd tidak dapat ditemukan
==================================================================================================================
Waktu : 2020-04-21 01:29:29 pm
Dokumen : /var/www/html//dosis/dokumen_keluar/SOPtanpaTTEdanFOOTER.pdf
Pesan Error : 
Image_ttd tidak dapat ditemukan
==================================================================================================================
Waktu : 2020-04-21 01:41:24 pm
Dokumen : /var/www/html//dosis/dokumen_keluar/SOPtanpaTTEdanFOOTER.pdf
Pesan Error : 
Image_ttd tidak dapat ditemukan
==================================================================================================================
Waktu : 2020-04-21 01:42:32 pm
Dokumen : /var/www/html//dosis/dokumen_keluar/SOPtanpaTTEdanFOOTER.pdf
Pesan Error : 
Image_ttd tidak dapat ditemukan
==================================================================================================================
Waktu : 2020-04-21 01:47:17 pm
Dokumen : /var/www/html//dosis/dokumen_keluar/SOPtanpaTTEdanFOOTER.pdf
Pesan Error : 
Image_ttd tidak dapat ditemukan
==================================================================================================================
Waktu : 2020-04-21 01:47:44 pm
Dokumen : /var/www/html//dosis/dokumen_keluar/SOPtanpaTTEdanFOOTER.pdf
Pesan Error : 
Image_ttd tidak dapat ditemukan
==================================================================================================================
Waktu : 2020-04-21 01:48:48 pm
Dokumen : /var/www/html//dosis/dokumen_keluar/SOPtanpaTTEdanFOOTER.pdf
Pesan Error : 
Image_ttd tidak dapat ditemukan
==================================================================================================================
Waktu : 2020-04-21 01:50:32 pm
Dokumen : /var/www/html//dosis/dokumen_keluar/SOPtanpaTTEdanFOOTER.pdf
Pesan Error : 
Image_ttd tidak dapat ditemukan
==================================================================================================================
Waktu : 2020-04-21 01:50:37 pm
Dokumen : /var/www/html//dosis/dokumen_keluar/SOPtanpaTTEdanFOOTER.pdf
Pesan Error : 
Image_ttd tidak dapat ditemukan
==================================================================================================================
Waktu : 2020-04-21 01:51:33 pm
Dokumen : /var/www/html//dosis/dokumen_keluar/SOPtanpaTTEdanFOOTER.pdf
Pesan Error : 
Image_ttd tidak dapat ditemukan
==================================================================================================================
Waktu : 2020-04-21 01:52:35 pm
Dokumen : /var/www/html//dosis/dokumen_keluar/SOPtanpaTTEdanFOOTER.pdf
Pesan Error : 
Image_ttd tidak dapat ditemukan
==================================================================================================================
Waktu : 2020-04-21 01:52:41 pm
Dokumen : /var/www/html//dosis/dokumen_keluar/SOPtanpaTTEdanFOOTER.pdf
Pesan Error : 
Image_ttd tidak dapat ditemukan
==================================================================================================================
Waktu : 2020-04-21 01:53:47 pm
Dokumen : /var/www/html//dosis/dokumen_keluar/SOPtanpaTTEdanFOOTER.pdf
Pesan Error : 
Image_ttd tidak dapat ditemukan
==================================================================================================================
Waktu : 2020-04-21 01:56:14 pm
Dokumen : /var/www/html//dosis/dokumen_keluar/SOPtanpaTTEdanFOOTER.pdf
Pesan Error : 
Image_ttd tidak dapat ditemukan
==================================================================================================================
Waktu : 2020-04-21 01:56:53 pm
Dokumen : /var/www/html//dosis/dokumen_keluar/SOPtanpaTTEdanFOOTER.pdf
Pesan Error : 
Image_ttd tidak dapat ditemukan
==================================================================================================================
Waktu : 2020-04-21 01:57:14 pm
Dokumen : /var/www/html//dosis/dokumen_keluar/SOPtanpaTTEdanFOOTER.pdf
Pesan Error : 
Image_ttd tidak dapat ditemukan
==================================================================================================================
Waktu : 2020-04-27 10:06:06 am
Dokumen : /var/www/html/dosis/dokumen/regulasi/tmp/SOPtanpaTTEdanFOOTER_signed_20042154.pdf
Pesan Error : 
File /var/www/html/dosis/dokumen/regulasi/tmp/SOPtanpaTTEdanFOOTER_signed_20042154.pdf tidak ditemukan
==================================================================================================================
Waktu : 2020-04-27 10:06:06 am
Dokumen : /var/www/html/dosis/dokumen/regulasi/normal/SOPtanpaTTEdanFOOTER_signed_20042154.pdf
Pesan Error : 
File /var/www/html/dosis/dokumen/regulasi/normal/SOPtanpaTTEdanFOOTER_signed_20042154.pdf tidak ditemukan
==================================================================================================================
Waktu : 2020-05-04 02:37:04 pm
Dokumen : /var/www/html/dosis/dokumen/keluar/normal/SURATKETERANGANA.N.MuhammadIskandarGumayPutra_04_05_2020.pdf
Pesan Error : 
Passphrase anda salah !!!
==================================================================================================================
Waktu : 2020-05-04 02:39:15 pm
Dokumen : /var/www/html/dosis/dokumen/keluar/normal/SURATKETERANGANA.N.MuhammadIskandarGumayPutra_04_05_2020.pdf
Pesan Error : 
File /var/www/html/dosis/dokumen/keluar/normal/SURATKETERANGANA.N.MuhammadIskandarGumayPutra_04_05_2020.pdf tidak ditemukan
==================================================================================================================
Waktu : 2020-05-04 02:53:19 pm
Dokumen : /var/www/html/dosis/dokumen/keluar/normal/SURATKETERANGANA.N.MuhammadIskandarGumayPutra_04_05_2020.pdf
Pesan Error : 
Passphrase anda salah !!!
==================================================================================================================
Waktu : 2020-05-04 02:54:16 pm
Dokumen : /var/www/html/dosis/dokumen/keluar/normal/SURATKETERANGANA.N.MuhammadIskandarGumayPutra_04_05_2020.pdf
Pesan Error : 
Passphrase anda salah !!!
==================================================================================================================
Waktu : 2020-05-04 04:03:52 pm
Dokumen : /var/www/html/dosis/dokumen/keluar/tmp/SURATKETERANGANA.N.MuhammadIskandarGumayPutra_04_05_2020.pdf
Pesan Error : 
File /var/www/html/dosis/dokumen/keluar/tmp/SURATKETERANGANA.N.MuhammadIskandarGumayPutra_04_05_2020.pdf tidak ditemukan
==================================================================================================================
Waktu : 2020-05-04 04:03:52 pm
Dokumen : /var/www/html/dosis/dokumen/keluar/normal/SURATKETERANGANA.N.MuhammadIskandarGumayPutra_04_05_2020.pdf
Pesan Error : 
File /var/www/html/dosis/dokumen/keluar/normal/SURATKETERANGANA.N.MuhammadIskandarGumayPutra_04_05_2020.pdf tidak ditemukan
==================================================================================================================
Waktu : 2020-05-04 08:07:37 pm
Dokumen : /var/www/html/dosis/
Pesan Error : 
File /var/www/html/dosis/ tidak ditemukan
==================================================================================================================
Waktu : 2020-05-04 08:08:03 pm
Dokumen : /var/www/html/dosis/dokumen/keluar/tmp/SURATKETERANGANA.N.MuhammadIskandarGumayPutra_04_05_2020.pdf
Pesan Error : 
Pengguna tidak terdaftar
==================================================================================================================
Waktu : 2020-05-04 08:08:26 pm
Dokumen : /var/www/html/dosis/dokumen/keluar/tmp/SURATKETERANGANA.N.MuhammadIskandarGumayPutra_04_05_2020.pdf
Pesan Error : 
Image TTD diupload dalam bentuk image (png or jpg)
==================================================================================================================
Waktu : 2020-05-04 08:09:51 pm
Dokumen : /var/www/html/dosis/dokumen/keluar/tmp/SURATKETERANGANA.N.MuhammadIskandarGumayPutra_04_05_2020.pdf
Pesan Error : 
Image TTD diupload dalam bentuk image (png or jpg)
==================================================================================================================
Waktu : 2020-05-04 08:11:34 pm
Dokumen : /var/www/html/dosis/dokumen/keluar/tmp/SURATKETERANGANA.N.MuhammadIskandarGumayPutra_04_05_2020.pdf
Pesan Error : 
Image TTD diupload dalam bentuk image (png or jpg)
==================================================================================================================
Waktu : 2020-05-04 08:12:39 pm
Dokumen : /var/www/html/dosis/dokumen/keluar/tmp/SURATKETERANGANA.N.MuhammadIskandarGumayPutra_04_05_2020.pdf
Pesan Error : 
Image TTD diupload dalam bentuk image (png or jpg)
==================================================================================================================
Waktu : 2020-05-04 08:13:42 pm
Dokumen : /var/www/html/dosis/dokumen/keluar/tmp/SURATKETERANGANA.N.MuhammadIskandarGumayPutra_04_05_2020.pdf
Pesan Error : 
Image TTD diupload dalam bentuk image (png or jpg)
==================================================================================================================
Waktu : 2020-05-04 08:16:21 pm
Dokumen : /var/www/html/dosis/dokumen/keluar/tmp/SURATKETERANGANA.N.MuhammadIskandarGumayPutra_04_05_2020.pdf
Pesan Error : 
Image TTD diupload dalam bentuk image (png or jpg)
==================================================================================================================
Waktu : 2020-05-04 08:16:50 pm
Dokumen : /var/www/html/dosis/dokumen/keluar/tmp/SURATKETERANGANA.N.MuhammadIskandarGumayPutra_04_05_2020.pdf
Pesan Error : 
Image TTD diupload dalam bentuk image (png or jpg)
==================================================================================================================
Waktu : 2020-05-04 08:18:32 pm
Dokumen : /var/www/html/dosis/dokumen/keluar/tmp/SURATKETERANGANA.N.MuhammadIskandarGumayPutra_04_05_2020.pdf
Pesan Error : 
Image TTD diupload dalam bentuk image (png or jpg)
==================================================================================================================
Waktu : 2020-05-04 08:19:29 pm
Dokumen : /var/www/html/dosis/dokumen/keluar/tmp/SURATKETERANGANA.N.MuhammadIskandarGumayPutra_04_05_2020.pdf
Pesan Error : 
Image TTD diupload dalam bentuk image (png or jpg)
==================================================================================================================
Waktu : 2020-05-04 08:20:24 pm
Dokumen : /var/www/html/dosis/dokumen/keluar/tmp/SURATKETERANGANA.N.MuhammadIskandarGumayPutra_04_05_2020.pdf
Pesan Error : 
Image TTD diupload dalam bentuk image (png or jpg)
==================================================================================================================
Waktu : 2020-05-04 08:25:54 pm
Dokumen : /var/www/html/dosis/dokumen/keluar/tmp/SURATKETERANGANA.N.MuhammadIskandarGumayPutra_04_05_2020.pdf
Pesan Error : 
Image TTD diupload dalam bentuk image (png or jpg)
==================================================================================================================
Waktu : 2020-05-04 08:27:22 pm
Dokumen : /var/www/html/dosis/dokumen/keluar/tmp/SURATKETERANGANA.N.MuhammadIskandarGumayPutra_04_05_2020.pdf
Pesan Error : 
Image TTD diupload dalam bentuk image (png or jpg)
==================================================================================================================
Waktu : 2020-05-06 02:08:11 pm
Dokumen : /var/www/html/dosis/dokumen/keuangan/tmp/SURATKETERANGANA.N.MuhammadIskandarGumayPutra04052020_06_05_2020.pdf
Pesan Error : 
File /var/www/html/dosis/dokumen/keuangan/tmp/SURATKETERANGANA.N.MuhammadIskandarGumayPutra04052020_06_05_2020.pdf tidak ditemukan
==================================================================================================================
Waktu : 2020-05-06 02:08:11 pm
Dokumen : /var/www/html/dosis/dokumen/keuangan/tmp/SURATKETERANGANA.N.MuhammadIskandarGumayPutra04052020_06_05_2020.pdf
Pesan Error : 
File /var/www/html/dosis/dokumen/keuangan/tmp/SURATKETERANGANA.N.MuhammadIskandarGumayPutra04052020_06_05_2020.pdf tidak ditemukan
==================================================================================================================
Waktu : 2020-05-06 02:10:27 pm
Dokumen : /var/www/html/dosis/dokumen/keuangan/tmp/SURATKETERANGANA.N.MuhammadIskandarGumayPutra04052020_06_05_2020.pdf
Pesan Error : 
File /var/www/html/dosis/dokumen/keuangan/tmp/SURATKETERANGANA.N.MuhammadIskandarGumayPutra04052020_06_05_2020.pdf tidak ditemukan
==================================================================================================================
Waktu : 2020-05-06 02:10:27 pm
Dokumen : /var/www/html/dosis/dokumen/keuangan/tmp/SURATKETERANGANA.N.MuhammadIskandarGumayPutra04052020_06_05_2020.pdf
Pesan Error : 
File /var/www/html/dosis/dokumen/keuangan/tmp/SURATKETERANGANA.N.MuhammadIskandarGumayPutra04052020_06_05_2020.pdf tidak ditemukan
==================================================================================================================
Waktu : 2020-05-06 03:05:56 pm
Dokumen : /var/www/html/dosis/dokumen/keuangan/tmp/SURATKETERANGANA.N.MuhammadIskandarGumayPutra04052020_06_05_2020.pdf
Pesan Error : 
File /var/www/html/dosis/dokumen/keuangan/tmp/SURATKETERANGANA.N.MuhammadIskandarGumayPutra04052020_06_05_2020.pdf tidak ditemukan
==================================================================================================================
Waktu : 2020-05-06 03:05:56 pm
Dokumen : /var/www/html/dosis/dokumen/keuangan/tmp/SURATKETERANGANA.N.MuhammadIskandarGumayPutra04052020_06_05_2020.pdf
Pesan Error : 
File /var/www/html/dosis/dokumen/keuangan/tmp/SURATKETERANGANA.N.MuhammadIskandarGumayPutra04052020_06_05_2020.pdf tidak ditemukan
==================================================================================================================
Waktu : 2020-05-13 10:57:23 am
Dokumen : /var/www/html/dosis//dokumen/keluar/tmp/CUTIBERSALIN-APrilacisabrina-Mei2020.pdf
Pesan Error : 
Image_ttd tidak dapat ditemukan
==================================================================================================================
Waktu : 2020-05-13 10:59:07 am
Dokumen : /var/www/html/dosis//dokumen/keluar/tmp/CUTIBERSALIN-APrilacisabrina-Mei2020.pdf
Pesan Error : 
Image_ttd tidak dapat ditemukan
==================================================================================================================
Waktu : 2020-05-13 10:59:30 am
Dokumen : /var/www/html/dosis//dokumen/keluar/tmp/LaporanCapaiandanIkhtisarRealisasiKinerjaRSUDPalembangBARIApril2020.pdf
Pesan Error : 
Image_ttd tidak dapat ditemukan
==================================================================================================================
Waktu : 2020-05-13 10:59:39 am
Dokumen : /var/www/html/dosis//dokumen/keluar/tmp/LaporanCapaiandanIkhtisarRealisasiKinerjaRSUDPalembangBARIApril2020.pdf
Pesan Error : 
Image_ttd tidak dapat ditemukan
==================================================================================================================
Waktu : 2020-05-13 10:59:52 am
Dokumen : /var/www/html/dosis//dokumen/keluar/tmp/LaporanCapaiandanIkhtisarRealisasiKinerjaRSUDPalembangBARIApril2020.pdf
Pesan Error : 
Image_ttd tidak dapat ditemukan
==================================================================================================================
Waktu : 2020-05-13 11:00:49 am
Dokumen : /var/www/html/dosis//dokumen/keluar/tmp/SURATKETERANGANtoBPKAD.pdf
Pesan Error : 
Image_ttd tidak dapat ditemukan
==================================================================================================================
Waktu : 2020-05-13 02:31:57 pm
Dokumen : /var/www/html/dosis//dokumen/keluar/tmp/CUTIBERSALIN-APrilacisabrina-Mei2020.pdf
Pesan Error : 
Image_ttd tidak dapat ditemukan
==================================================================================================================
Waktu : 2020-05-13 02:51:02 pm
Dokumen : /var/www/html/dosis//dokumen/keluar/tmp/SURATCPNSGOLONGAN3TTEDIREKTUR_13_05_2020.pdf
Pesan Error : 
Image_ttd tidak dapat ditemukan
==================================================================================================================
Waktu : 2020-05-13 11:23:36 pm
Dokumen : /var/www/html/dosis//dokumen/keluar/tmp/SURATCPNSGOLONGAN3TTEDIREKTUR_13_05_2020.pdf
Pesan Error : 
Image_ttd tidak dapat ditemukan
==================================================================================================================
Waktu : 2020-05-13 11:23:57 pm
Dokumen : /var/www/html/dosis//dokumen/keluar/tmp/SURATCPNSGOLONGAN3TTEDIREKTUR_13_05_2020.pdf
Pesan Error : 
Image_ttd tidak dapat ditemukan
==================================================================================================================
Waktu : 2020-05-13 11:24:27 pm
Dokumen : /var/www/html/dosis//dokumen/keluar/tmp/CUTIBERSALIN-APrilacisabrina-Mei2020.pdf
Pesan Error : 
Image_ttd tidak dapat ditemukan
==================================================================================================================
Waktu : 2020-05-18 12:35:40 pm
Dokumen : /var/www/html/dosis//dokumen/keluar/tmp/suratselesaipenelitiana.farahghalia_12_05_2020.pdf
Pesan Error : 
Image_ttd tidak dapat ditemukan
==================================================================================================================
Waktu : 2020-05-18 12:36:04 pm
Dokumen : /var/www/html/dosis//dokumen/keluar/tmp/suratselesaipenelitiana.farahghalia_12_05_2020.pdf
Pesan Error : 
Image_ttd tidak dapat ditemukan
==================================================================================================================
Waktu : 2020-05-18 12:37:42 pm
Dokumen : /var/www/html/dosis//dokumen/keluar/tmp/yayasandanaparamita_14_05_2020.pdf
Pesan Error : 
Image_ttd tidak dapat ditemukan
==================================================================================================================
Waktu : 2020-05-18 12:42:55 pm
Dokumen : /var/www/html/dosis//dokumen/keluar/tmp/suratselesaipenelitiana.farahghalia_12_05_2020.pdf
Pesan Error : 
Image_ttd tidak dapat ditemukan
==================================================================================================================
Waktu : 2020-05-18 12:57:24 pm
Dokumen : /var/www/html/dosis//dokumen/keluar/tmp/yayasandanaparamita_14_05_2020.pdf
Pesan Error : 
Image_ttd tidak dapat ditemukan
==================================================================================================================
Waktu : 2020-05-18 01:04:49 pm
Dokumen : /var/www/html/dosis//dokumen/keluar/tmp/yayasandanaparamita_14_05_2020.pdf
Pesan Error : 
Image_ttd tidak dapat ditemukan
==================================================================================================================
Waktu : 2020-05-18 01:05:51 pm
Dokumen : /var/www/html/dosis//dokumen/keluar/tmp/yayasandanaparamita_14_05_2020.pdf
Pesan Error : 
Image_ttd tidak dapat ditemukan
==================================================================================================================
Waktu : 2020-05-18 01:08:46 pm
Dokumen : /var/www/html/dosis//dokumen/keluar/tmp/yayasanbuddhatzuchi_14_05_2020.pdf
Pesan Error : 
Image_ttd tidak dapat ditemukan
==================================================================================================================
Waktu : 2020-05-18 01:10:26 pm
Dokumen : /var/www/html/dosis//dokumen/keluar/tmp/yayasandanaparamita_14_05_2020.pdf
Pesan Error : 
Image_ttd tidak dapat ditemukan
==================================================================================================================
Waktu : 2020-05-18 01:11:48 pm
Dokumen : /var/www/html/dosis//dokumen/keluar/tmp/yayasandanaparamita_14_05_2020.pdf
Pesan Error : 
Image_ttd tidak dapat ditemukan
==================================================================================================================
Waktu : 2020-05-18 01:12:50 pm
Dokumen : /var/www/html/dosis//dokumen/keluar/tmp/yayasandanaparamita_14_05_2020.pdf
Pesan Error : 
Image_ttd tidak dapat ditemukan
==================================================================================================================
Waktu : 2020-05-18 01:16:13 pm
Dokumen : /var/www/html/dosis//dokumen/keluar/tmp/yayasandanaparamita_14_05_2020.pdf
Pesan Error : 
Image_ttd tidak dapat ditemukan
==================================================================================================================
Waktu : 2020-05-18 01:31:12 pm
Dokumen : /var/www/html/dosis//dokumen/keluar/tmp/ptdexamedica_14_05_2020_signed_20053242.pdf
Pesan Error : 
File /var/www/html/dosis//dokumen/keluar/tmp/ptdexamedica_14_05_2020_signed_20053242.pdf tidak ditemukan
==================================================================================================================
Waktu : 2020-05-18 01:31:12 pm
Dokumen : /var/www/html/dosis//dokumen/keluar/tmp/ptdexamedica_14_05_2020_signed_20053242.pdf
Pesan Error : 
File /var/www/html/dosis//dokumen/keluar/tmp/ptdexamedica_14_05_2020_signed_20053242.pdf tidak ditemukan
==================================================================================================================
Waktu : 2020-05-19 06:49:00 am
Dokumen : /var/www/html/dosis//dokumen/keluar/tmp/PengantarJenjangJafunga.n.KrismaDayunidkk_15_05_2020.pdf
Pesan Error : 
Passphrase anda salah !!!
==================================================================================================================
Waktu : 2020-05-19 02:24:22 pm
Dokumen : /var/www/html/dosis//dokumen/keluar/tmp/SURATKETERANGANBEKERJADR.INNADYAFAMILIASARI_revisi_19_05_2020_signed_20053259.pdf
Pesan Error : 
File /var/www/html/dosis//dokumen/keluar/tmp/SURATKETERANGANBEKERJADR.INNADYAFAMILIASARI_revisi_19_05_2020_signed_20053259.pdf tidak ditemukan
==================================================================================================================
Waktu : 2020-05-19 02:24:22 pm
Dokumen : /var/www/html/dosis//dokumen/keluar/tmp/SURATKETERANGANBEKERJADR.INNADYAFAMILIASARI_revisi_19_05_2020_signed_20053259.pdf
Pesan Error : 
File /var/www/html/dosis//dokumen/keluar/tmp/SURATKETERANGANBEKERJADR.INNADYAFAMILIASARI_revisi_19_05_2020_signed_20053259.pdf tidak ditemukan
==================================================================================================================
Waktu : 2020-05-19 02:24:22 pm
Dokumen : /var/www/html/dosis//dokumen/keluar/tmp/SURATKETERANGANBEKERJADR.INNADYAFAMILIASARI_revisi_19_05_2020_signed_20053259.pdf
Pesan Error : 
File /var/www/html/dosis//dokumen/keluar/tmp/SURATKETERANGANBEKERJADR.INNADYAFAMILIASARI_revisi_19_05_2020_signed_20053259.pdf tidak ditemukan
==================================================================================================================
Waktu : 2020-05-19 02:24:22 pm
Dokumen : /var/www/html/dosis//dokumen/keluar/tmp/SURATKETERANGANBEKERJADR.INNADYAFAMILIASARI_revisi_19_05_2020_signed_20053259.pdf
Pesan Error : 
File /var/www/html/dosis//dokumen/keluar/tmp/SURATKETERANGANBEKERJADR.INNADYAFAMILIASARI_revisi_19_05_2020_signed_20053259.pdf tidak ditemukan
==================================================================================================================
Waktu : 2020-05-22 12:27:02 pm
Dokumen : /var/www/html/dosis//dokumen/keluar/tmp/SURATKETERANGANA.N.DediMulyono_20_05_2020_signed_20053274.pdf
Pesan Error : 
File /var/www/html/dosis//dokumen/keluar/tmp/SURATKETERANGANA.N.DediMulyono_20_05_2020_signed_20053274.pdf tidak ditemukan
==================================================================================================================
Waktu : 2020-05-22 12:27:02 pm
Dokumen : /var/www/html/dosis//dokumen/keluar/tmp/SURATKETERANGANA.N.DediMulyono_20_05_2020_signed_20053274.pdf
Pesan Error : 
File /var/www/html/dosis//dokumen/keluar/tmp/SURATKETERANGANA.N.DediMulyono_20_05_2020_signed_20053274.pdf tidak ditemukan
==================================================================================================================
Waktu : 2020-06-01 11:41:39 am
Dokumen : /var/www/html/dosis//dokumen/keuangan/tmp/PTMulyaHusadajayano256filmRontgen.pdf
Pesan Error : 
Image_ttd tidak dapat ditemukan
==================================================================================================================
Waktu : 2020-06-01 11:42:14 am
Dokumen : /var/www/html/dosis//dokumen/keuangan/tmp/PTparitPadangglobalno250obat_11_05_2020.pdf
Pesan Error : 
Image_ttd tidak dapat ditemukan
==================================================================================================================
Waktu : 2020-06-03 08:50:03 am
Dokumen : /var/www/html/dosis//dokumen/keuangan/tmp/obt2nptkimiafarmano360_15_05_2020.pdf
Pesan Error : 
Image_ttd tidak dapat ditemukan
==================================================================================================================
Waktu : 2020-06-05 09:36:06 am
Dokumen : /var/www/html/dosis//dokumen/keluar/tmp/SK.PENUNJUKANBURUHPEGAWAIHARIANLEPASIPLRSJUNI2020_04_06_2020_signed_20063342.pdf
Pesan Error : 
File /var/www/html/dosis//dokumen/keluar/tmp/SK.PENUNJUKANBURUHPEGAWAIHARIANLEPASIPLRSJUNI2020_04_06_2020_signed_20063342.pdf tidak ditemukan
==================================================================================================================
Waktu : 2020-06-05 09:36:06 am
Dokumen : /var/www/html/dosis//dokumen/keluar/tmp/SK.PENUNJUKANBURUHPEGAWAIHARIANLEPASIPLRSJUNI2020_04_06_2020_signed_20063342.pdf
Pesan Error : 
File /var/www/html/dosis//dokumen/keluar/tmp/SK.PENUNJUKANBURUHPEGAWAIHARIANLEPASIPLRSJUNI2020_04_06_2020_signed_20063342.pdf tidak ditemukan
==================================================================================================================
Waktu : 2020-06-05 09:36:06 am
Dokumen : /var/www/html/dosis//dokumen/keluar/tmp/SK.PENUNJUKANBURUHPEGAWAIHARIANLEPASIPLRSJUNI2020_04_06_2020_signed_20063342.pdf
Pesan Error : 
File /var/www/html/dosis//dokumen/keluar/tmp/SK.PENUNJUKANBURUHPEGAWAIHARIANLEPASIPLRSJUNI2020_04_06_2020_signed_20063342.pdf tidak ditemukan
==================================================================================================================
Waktu : 2020-06-05 09:36:06 am
Dokumen : /var/www/html/dosis//dokumen/keluar/tmp/SK.PENUNJUKANBURUHPEGAWAIHARIANLEPASIPLRSJUNI2020_04_06_2020_signed_20063342.pdf
Pesan Error : 
File /var/www/html/dosis//dokumen/keluar/tmp/SK.PENUNJUKANBURUHPEGAWAIHARIANLEPASIPLRSJUNI2020_04_06_2020_signed_20063342.pdf tidak ditemukan
==================================================================================================================
Waktu : 2020-06-05 09:36:06 am
Dokumen : /var/www/html/dosis//dokumen/keluar/tmp/SK.PENUNJUKANBURUHPEGAWAIHARIANLEPASIPLRSJUNI2020_04_06_2020_signed_20063342.pdf
Pesan Error : 
File /var/www/html/dosis//dokumen/keluar/tmp/SK.PENUNJUKANBURUHPEGAWAIHARIANLEPASIPLRSJUNI2020_04_06_2020_signed_20063342.pdf tidak ditemukan
==================================================================================================================
Waktu : 2020-06-05 09:36:06 am
Dokumen : /var/www/html/dosis//dokumen/keluar/tmp/SK.PENUNJUKANBURUHPEGAWAIHARIANLEPASIPLRSJUNI2020_04_06_2020_signed_20063342.pdf
Pesan Error : 
File /var/www/html/dosis//dokumen/keluar/tmp/SK.PENUNJUKANBURUHPEGAWAIHARIANLEPASIPLRSJUNI2020_04_06_2020_signed_20063342.pdf tidak ditemukan
==================================================================================================================
Waktu : 2020-06-05 09:36:06 am
Dokumen : /var/www/html/dosis//dokumen/keluar/tmp/SK.PENUNJUKANBURUHPEGAWAIHARIANLEPASIPLRSJUNI2020_04_06_2020_signed_20063342.pdf
Pesan Error : 
File /var/www/html/dosis//dokumen/keluar/tmp/SK.PENUNJUKANBURUHPEGAWAIHARIANLEPASIPLRSJUNI2020_04_06_2020_signed_20063342.pdf tidak ditemukan
==================================================================================================================
Waktu : 2020-06-05 09:36:06 am
Dokumen : /var/www/html/dosis//dokumen/keluar/tmp/SK.PENUNJUKANBURUHPEGAWAIHARIANLEPASIPLRSJUNI2020_04_06_2020_signed_20063342.pdf
Pesan Error : 
File /var/www/html/dosis//dokumen/keluar/tmp/SK.PENUNJUKANBURUHPEGAWAIHARIANLEPASIPLRSJUNI2020_04_06_2020_signed_20063342.pdf tidak ditemukan
==================================================================================================================
Waktu : 2020-06-05 09:36:06 am
Dokumen : /var/www/html/dosis//dokumen/keluar/tmp/SK.PENUNJUKANBURUHPEGAWAIHARIANLEPASIPLRSJUNI2020_04_06_2020_signed_20063342.pdf
Pesan Error : 
File /var/www/html/dosis//dokumen/keluar/tmp/SK.PENUNJUKANBURUHPEGAWAIHARIANLEPASIPLRSJUNI2020_04_06_2020_signed_20063342.pdf tidak ditemukan
==================================================================================================================
Waktu : 2020-06-05 09:36:06 am
Dokumen : /var/www/html/dosis//dokumen/keluar/tmp/SK.PENUNJUKANBURUHPEGAWAIHARIANLEPASIPLRSJUNI2020_04_06_2020_signed_20063342.pdf
Pesan Error : 
File /var/www/html/dosis//dokumen/keluar/tmp/SK.PENUNJUKANBURUHPEGAWAIHARIANLEPASIPLRSJUNI2020_04_06_2020_signed_20063342.pdf tidak ditemukan
==================================================================================================================
Waktu : 2020-06-05 09:37:15 am
Dokumen : /var/www/html/dosis//dokumen/keuangan/tmp/PTparitPadangglobalno250obat_11_05_2020.pdf
Pesan Error : 
Image_ttd tidak dapat ditemukan
==================================================================================================================
Waktu : 2020-06-08 09:06:35 am
Dokumen : /var/www/html/dosis//dokumen/keluar/tmp/KenaikanPangkatDokterLaksmiDamayanti_05_06_2020_signed_20063353.pdf
Pesan Error : 
File /var/www/html/dosis//dokumen/keluar/tmp/KenaikanPangkatDokterLaksmiDamayanti_05_06_2020_signed_20063353.pdf tidak ditemukan
==================================================================================================================
Waktu : 2020-06-08 09:06:35 am
Dokumen : /var/www/html/dosis//dokumen/keluar/tmp/KenaikanPangkatDokterLaksmiDamayanti_05_06_2020_signed_20063353.pdf
Pesan Error : 
File /var/www/html/dosis//dokumen/keluar/tmp/KenaikanPangkatDokterLaksmiDamayanti_05_06_2020_signed_20063353.pdf tidak ditemukan
==================================================================================================================
Waktu : 2020-06-08 09:07:18 am
Dokumen : /var/www/html/dosis//dokumen/keluar/tmp/_revisi_05_06_2020_signed_20063353.pdf
Pesan Error : 
File /var/www/html/dosis//dokumen/keluar/tmp/_revisi_05_06_2020_signed_20063353.pdf tidak ditemukan
==================================================================================================================
Waktu : 2020-06-08 09:07:18 am
Dokumen : /var/www/html/dosis//dokumen/keluar/tmp/_revisi_05_06_2020_signed_20063353.pdf
Pesan Error : 
File /var/www/html/dosis//dokumen/keluar/tmp/_revisi_05_06_2020_signed_20063353.pdf tidak ditemukan
==================================================================================================================
Waktu : 2020-06-12 09:29:22 am
Dokumen : /var/www/html/dosis//dokumen/keluar/tmp/KenaikanPangkatReguler2_11_06_2020_signed_20063384.pdf
Pesan Error : 
File /var/www/html/dosis//dokumen/keluar/tmp/KenaikanPangkatReguler2_11_06_2020_signed_20063384.pdf tidak ditemukan
==================================================================================================================
Waktu : 2020-06-12 09:29:22 am
Dokumen : /var/www/html/dosis//dokumen/keluar/tmp/KenaikanPangkatReguler2_11_06_2020_signed_20063384.pdf
Pesan Error : 
File /var/www/html/dosis//dokumen/keluar/tmp/KenaikanPangkatReguler2_11_06_2020_signed_20063384.pdf tidak ditemukan
==================================================================================================================
Waktu : 2020-06-12 09:45:04 am
Dokumen : /var/www/html/dosis//dokumen/keuangan/tmp/PTMulyaHusadajayano256filmRontgen.pdf
Pesan Error : 
Image_ttd tidak dapat ditemukan
==================================================================================================================
Waktu : 2020-07-09 06:26:06 am
Dokumen : /var/www/html/dosis/dokumen/keluar/tmp/okta_tes.pdf
Pesan Error : 
Image_ttd tidak dapat ditemukan
==================================================================================================================
Waktu : 2020-07-09 06:31:11 am
Dokumen : /var/www/html/dosis/dokumen/keluar/tmp/okta_tes.pdf
Pesan Error : 
Image_ttd tidak dapat ditemukan
==================================================================================================================
Waktu : 2020-07-09 06:32:13 am
Dokumen : /var/www/html/dosis/dokumen/keluar/tmp/okta_tes.pdf
Pesan Error : 
Image_ttd tidak dapat ditemukan
==================================================================================================================
Waktu : 2020-07-09 06:37:26 am
Dokumen : /var/www/html/dosis/dokumen/keluar/tmp/okta_tes.pdf
Pesan Error : 
kontlo
==================================================================================================================
Waktu : 2020-07-09 06:41:43 am
Dokumen : /var/www/html/dosis/dokumen/keluar/tmp/okta_tes.pdf
Pesan Error : 
Image_ttd tidak dapat ditemukan
==================================================================================================================
Waktu : 2020-07-09 06:42:17 am
Dokumen : /var/www/html/dosis/dokumen/keluar/tmp/okta_tes.pdf
Pesan Error : 
Image_ttd tidak dapat ditemukan
==================================================================================================================
Waktu : 2020-07-09 06:49:18 am
Dokumen : /var/www/html/dosis/dokumen/keluar/tmp/okta_tes.pdf
Pesan Error : 
Image_ttd tidak dapat ditemukan
==================================================================================================================
Waktu : 2020-07-09 06:50:18 am
Dokumen : /var/www/html/dosis/dokumen/keluar/tmp/okta_tes.pdf
Pesan Error : 
Image_ttd tidak dapat ditemukan
==================================================================================================================
Waktu : 2020-07-09 06:50:49 am
Dokumen : /var/www/html/dosis/dokumen/keluar/tmp/okta_tes.pdf
Pesan Error : 
Image_ttd tidak dapat ditemukan
==================================================================================================================
Waktu : 2020-07-09 06:53:59 am
Dokumen : /var/www/html/dosis/dokumen/keluar/tmp/okta_tes.pdf
Pesan Error : 
Image_ttd tidak dapat ditemukan
==================================================================================================================
Waktu : 2020-07-09 10:04:45 am
Dokumen : /var/www/html/dosis/dokumen/keluar/tmp/okta_tes.pdf
Pesan Error : 
Image_ttd tidak dapat ditemukan
==================================================================================================================
Waktu : 2020-07-09 10:22:18 am
Dokumen : /var/www/html/dosis/dokumen/keluar/tmp/okta_tes.pdf
Pesan Error : 
Image_ttd tidak dapat ditemukan
==================================================================================================================
Waktu : 2020-07-09 10:25:14 am
Dokumen : /var/www/html/dosis/dokumen/keluar/tmp/okta_tes.pdf
Pesan Error : 
Image_ttd tidak dapat ditemukan
==================================================================================================================
Waktu : 2020-07-09 10:27:20 am
Dokumen : /var/www/html/dosis/dokumen/keluar/tmp/okta_tes.pdf
Pesan Error : 
Image_ttd tidak dapat ditemukan
==================================================================================================================
Waktu : 2020-07-09 10:28:07 am
Dokumen : /var/www/html/dosis/dokumen/keluar/tmp/okta_tes.pdf
Pesan Error : 
Image_ttd tidak dapat ditemukan
==================================================================================================================
Waktu : 2020-07-09 10:31:01 am
Dokumen : /var/www/html/dosis/dokumen/keluar/tmp/okta_tes.pdf
Pesan Error : 
Image_ttd tidak dapat ditemukan
==================================================================================================================
Waktu : 2020-07-09 10:33:18 am
Dokumen : /var/www/html/dosis/dokumen/keluar/tmp/okta_tes.pdf
Pesan Error : 
Image_ttd tidak dapat ditemukan
==================================================================================================================
Waktu : 2020-07-09 10:36:00 am
Dokumen : /var/www/html/dosis/dokumen/keluar/tmp/okta_tes.pdf
Pesan Error : 
Image_ttd tidak dapat ditemukan
==================================================================================================================
Waktu : 2020-07-09 10:36:51 am
Dokumen : /var/www/html/dosis/dokumen/keluar/tmp/okta_tes.pdf
Pesan Error : 
Image_ttd tidak dapat ditemukan
==================================================================================================================
Waktu : 2020-07-09 10:37:15 am
Dokumen : /var/www/html/dosis/dokumen/keluar/tmp/okta_tes.pdf
Pesan Error : 
Image_ttd tidak dapat ditemukan
==================================================================================================================
Waktu : 2020-07-09 10:47:26 am
Dokumen : /var/www/html/dosis/dokumen/keluar/tmp/okta_tes.pdf
Pesan Error : 
Image_ttd tidak dapat ditemukan
==================================================================================================================
Waktu : 2020-07-09 10:48:12 am
Dokumen : /var/www/html/dosis/dokumen/keluar/tmp/okta_tes.pdf
Pesan Error : 
Image_ttd tidak dapat ditemukan
==================================================================================================================
Waktu : 2020-07-09 11:38:08 am
Dokumen : /var/www/html/dosis/dokumen/keluar/tmp/okta_tes.pdf
Pesan Error : 
Image_ttd tidak dapat ditemukan
==================================================================================================================
Waktu : 2020-07-09 11:39:00 am
Dokumen : /var/www/html/dosis/dokumen/keluar/tmp/okta_tes.pdf
Pesan Error : 
Image_ttd tidak dapat ditemukan
==================================================================================================================
Waktu : 2020-07-09 11:41:32 am
Dokumen : /var/www/html/dosis/dokumen/keluar/tmp/okta_tes.pdf
Pesan Error : 
Image_ttd tidak dapat ditemukan
==================================================================================================================
Waktu : 2020-07-09 11:42:00 am
Dokumen : /var/www/html/dosis/dokumen/keluar/tmp/okta_tes.pdf
Pesan Error : 
Image_ttd tidak dapat ditemukan
==================================================================================================================
Waktu : 2020-07-09 11:47:04 am
Dokumen : /var/www/html/dosis/dokumen/keluar/tmp/okta_tes.pdf
Pesan Error : 
Image_ttd tidak dapat ditemukan
==================================================================================================================
Waktu : 2020-07-09 11:47:42 am
Dokumen : /var/www/html/dosis/dokumen/keluar/tmp/okta_tes.pdf
Pesan Error : 
Image_ttd tidak dapat ditemukan
==================================================================================================================
Waktu : 2020-07-09 11:49:00 am
Dokumen : /var/www/html/dosis/dokumen/keluar/tmp/okta_tes.pdf
Pesan Error : 
Image_ttd tidak dapat ditemukan
==================================================================================================================
Waktu : 2020-07-09 11:49:10 am
Dokumen : /var/www/html/dosis/dokumen/keluar/tmp/okta_tes.pdf
Pesan Error : 
Image_ttd tidak dapat ditemukan
==================================================================================================================
Waktu : 2020-07-09 11:49:23 am
Dokumen : /var/www/html/dosis/dokumen/keluar/tmp/okta_tes.pdf
Pesan Error : 
Image_ttd tidak dapat ditemukan
==================================================================================================================
Waktu : 2020-07-09 11:51:07 am
Dokumen : /var/www/html/dosis/dokumen/keluar/tmp/okta_tes.pdf
Pesan Error : 
Image_ttd tidak dapat ditemukan
==================================================================================================================
Waktu : 2020-07-09 11:53:05 am
Dokumen : /var/www/html/dosis/dokumen/keluar/tmp/okta_tes.pdf
Pesan Error : 
Image_ttd tidak dapat ditemukan
==================================================================================================================
Waktu : 2020-07-09 01:12:40 pm
Dokumen : /var/www/html//dosis/dokumen/keuangan/tmp/okta_tes.pdf
Pesan Error : 
File /var/www/html//dosis/dokumen/keuangan/tmp/okta_tes.pdf tidak ditemukan
==================================================================================================================
Waktu : 2020-07-09 01:12:40 pm
Dokumen : /var/www/html//dosis/dokumen/keuangan/tmp/okta_tes.pdf
Pesan Error : 
File /var/www/html//dosis/dokumen/keuangan/tmp/okta_tes.pdf tidak ditemukan
==================================================================================================================
Waktu : 2020-07-09 02:38:37 pm
Dokumen : /var/www/html//dosis/dokumen/regulasi/tmp/SPOPENANGANANJENAZAHCOVID.pdf
Pesan Error : 
File /var/www/html//dosis/dokumen/regulasi/tmp/SPOPENANGANANJENAZAHCOVID.pdf tidak ditemukan
==================================================================================================================
Waktu : 2020-07-09 02:41:08 pm
Dokumen : /var/www/html//dosis/dokumen/regulasi/tmp/SPOPENANGANANJENAZAHCOVID.pdf
Pesan Error : 
File /var/www/html//dosis/dokumen/regulasi/tmp/SPOPENANGANANJENAZAHCOVID.pdf tidak ditemukan
==================================================================================================================
Waktu : 2020-07-10 02:06:02 am
Dokumen : /var/www/html//dosis/dokumen/keluar/tmp/Surattugasstockopnamesmt1_29_06_2020.pdf
Pesan Error : 
Passphrase anda salah !!!
==================================================================================================================
Waktu : 2020-07-15 02:07:12 pm
Dokumen : /var/www/html//dosis/dokumen/regulasi/tmp/REVISIIITIMTBMTPRO.pdf
Pesan Error : 
Image_ttd tidak dapat ditemukan
==================================================================================================================
Waktu : 2020-07-16 12:46:54 am
Dokumen : /var/www/html//dosis/dokumen/keluar/tmp/SKPPKPERUBAHAN4TOPDF_15_07_2020_14_23_03.pdf
Pesan Error : 
File /var/www/html//dosis/dokumen/keluar/tmp/SKPPKPERUBAHAN4TOPDF_15_07_2020_14_23_03.pdf tidak ditemukan
==================================================================================================================
Waktu : 2020-07-16 12:46:54 am
Dokumen : /var/www/html//dosis/dokumen/keluar/tmp/SKPPKPERUBAHAN4TOPDF_15_07_2020_14_23_03.pdf
Pesan Error : 
File /var/www/html//dosis/dokumen/keluar/tmp/SKPPKPERUBAHAN4TOPDF_15_07_2020_14_23_03.pdf tidak ditemukan
==================================================================================================================
Waktu : 2020-07-16 12:47:14 am
Dokumen : /var/www/html//dosis/dokumen/keluar/tmp/SKPPKPERUBAHAN4TOPDF_15_07_2020_14_23_03.pdf
Pesan Error : 
File /var/www/html//dosis/dokumen/keluar/tmp/SKPPKPERUBAHAN4TOPDF_15_07_2020_14_23_03.pdf tidak ditemukan
==================================================================================================================
Waktu : 2020-07-16 12:47:14 am
Dokumen : /var/www/html//dosis/dokumen/keluar/tmp/SKPPKPERUBAHAN4TOPDF_15_07_2020_14_23_03.pdf
Pesan Error : 
File /var/www/html//dosis/dokumen/keluar/tmp/SKPPKPERUBAHAN4TOPDF_15_07_2020_14_23_03.pdf tidak ditemukan
==================================================================================================================
Waktu : 2020-07-16 02:08:59 am
Dokumen : /var/www/html//dosis/dokumen/keluar/tmp/SKPPKPERUBAHAN4TOPDF_15_07_2020_14_23_03_signed_20073713.pdf
Pesan Error : 
File /var/www/html//dosis/dokumen/keluar/tmp/SKPPKPERUBAHAN4TOPDF_15_07_2020_14_23_03_signed_20073713.pdf tidak ditemukan
==================================================================================================================
Waktu : 2020-07-16 02:08:59 am
Dokumen : /var/www/html//dosis/dokumen/keluar/tmp/SKPPKPERUBAHAN4TOPDF_15_07_2020_14_23_03_signed_20073713.pdf
Pesan Error : 
File /var/www/html//dosis/dokumen/keluar/tmp/SKPPKPERUBAHAN4TOPDF_15_07_2020_14_23_03_signed_20073713.pdf tidak ditemukan
==================================================================================================================
